

============================== 2022-04-22 13:46:58.370671 | f6af3d4b-7db0-4d85-aba9-df0523c65011 ==============================
13:46:58.370671 [info ] [MainThread]: Running with dbt=1.0.5
13:46:58.371438 [debug] [MainThread]: running dbt with arguments Namespace(cls=<class 'dbt.task.debug.DebugTask'>, config_dir=False, debug=None, defer=None, event_buffer_size=None, fail_fast=None, log_cache_events=False, log_format=None, partial_parse=None, printer_width=None, profile=None, profiles_dir='/Users/sophieparr/.dbt', project_dir=None, record_timing_info=None, rpc_method=None, send_anonymous_usage_stats=None, single_threaded=False, state=None, static_parser=None, target=None, use_colors=None, use_experimental_parser=None, vars='{}', version_check=None, warn_error=None, which='debug', write_json=None)
13:46:58.371722 [debug] [MainThread]: Tracking: tracking
13:46:58.422128 [debug] [MainThread]: Sending event: {'category': 'dbt', 'action': 'invocation', 'label': 'start', 'context': [<snowplow_tracker.self_describing_json.SelfDescribingJson object at 0x105752220>, <snowplow_tracker.self_describing_json.SelfDescribingJson object at 0x105752a30>, <snowplow_tracker.self_describing_json.SelfDescribingJson object at 0x10570b760>]}


============================== 2022-05-10 13:32:31.679241 | cf506de2-aecb-4fb8-833b-7605cc64fa3c ==============================
13:32:31.679241 [info ] [MainThread]: Running with dbt=1.0.0
13:32:31.681248 [debug] [MainThread]: running dbt with arguments Namespace(record_timing_info=None, debug=None, log_format=None, write_json=None, use_colors=None, printer_width=None, warn_error=None, version_check=None, partial_parse=None, single_threaded=False, use_experimental_parser=None, static_parser=None, profiles_dir='C:\\Users\\jparr\\.dbt', send_anonymous_usage_stats=None, fail_fast=None, event_buffer_size=None, project_dir=None, profile=None, target=None, vars='{}', log_cache_events=False, config_dir=False, defer=None, state=None, cls=<class 'dbt.task.debug.DebugTask'>, which='debug', rpc_method=None)
13:32:31.683239 [debug] [MainThread]: Tracking: tracking
13:32:31.786250 [debug] [MainThread]: Sending event: {'category': 'dbt', 'action': 'invocation', 'label': 'start', 'context': [<snowplow_tracker.self_describing_json.SelfDescribingJson object at 0x000001933C25E850>, <snowplow_tracker.self_describing_json.SelfDescribingJson object at 0x000001933C25E5E0>, <snowplow_tracker.self_describing_json.SelfDescribingJson object at 0x000001933C25E370>]}
13:32:31.896262 [debug] [MainThread]: Executing "git --help"
13:32:32.161294 [debug] [MainThread]: STDOUT: "b"usage: git [--version] [--help] [-C <path>] [-c <name>=<value>]\n           [--exec-path[=<path>]] [--html-path] [--man-path] [--info-path]\n           [-p | --paginate | -P | --no-pager] [--no-replace-objects] [--bare]\n           [--git-dir=<path>] [--work-tree=<path>] [--namespace=<name>]\n           [--super-prefix=<path>] [--config-env=<name>=<envvar>]\n           <command> [<args>]\n\nThese are common Git commands used in various situations:\n\nstart a working area (see also: git help tutorial)\n   clone     Clone a repository into a new directory\n   init      Create an empty Git repository or reinitialize an existing one\n\nwork on the current change (see also: git help everyday)\n   add       Add file contents to the index\n   mv        Move or rename a file, a directory, or a symlink\n   restore   Restore working tree files\n   rm        Remove files from the working tree and from the index\n\nexamine the history and state (see also: git help revisions)\n   bisect    Use binary search to find the commit that introduced a bug\n   diff      Show changes between commits, commit and working tree, etc\n   grep      Print lines matching a pattern\n   log       Show commit logs\n   show      Show various types of objects\n   status    Show the working tree status\n\ngrow, mark and tweak your common history\n   branch    List, create, or delete branches\n   commit    Record changes to the repository\n   merge     Join two or more development histories together\n   rebase    Reapply commits on top of another base tip\n   reset     Reset current HEAD to the specified state\n   switch    Switch branches\n   tag       Create, list, delete or verify a tag object signed with GPG\n\ncollaborate (see also: git help workflows)\n   fetch     Download objects and refs from another repository\n   pull      Fetch from and integrate with another repository or a local branch\n   push      Update remote refs along with associated objects\n\n'git help -a' and 'git help -g' list available subcommands and some\nconcept guides. See 'git help <command>' or 'git help <concept>'\nto read about a specific subcommand or concept.\nSee 'git help git' for an overview of the system.\n""
13:32:32.162293 [debug] [MainThread]: STDERR: "b''"
13:32:32.168296 [debug] [MainThread]: Sending event: {'category': 'dbt', 'action': 'invocation', 'label': 'end', 'context': [<snowplow_tracker.self_describing_json.SelfDescribingJson object at 0x0000019337935E80>, <snowplow_tracker.self_describing_json.SelfDescribingJson object at 0x000001933C258970>, <snowplow_tracker.self_describing_json.SelfDescribingJson object at 0x000001933C258EB0>]}


============================== 2022-05-10 13:37:22.631407 | c8b6a1a4-34d9-48df-bde3-599d2017aa91 ==============================
13:37:22.631407 [info ] [MainThread]: Running with dbt=1.0.0
13:37:22.634312 [debug] [MainThread]: running dbt with arguments Namespace(record_timing_info=None, debug=None, log_format=None, write_json=None, use_colors=None, printer_width=None, warn_error=None, version_check=None, partial_parse=None, single_threaded=False, use_experimental_parser=None, static_parser=None, profiles_dir='C:\\Users\\jparr\\.dbt', send_anonymous_usage_stats=None, fail_fast=None, event_buffer_size=None, project_dir=None, profile=None, target=None, vars='{}', log_cache_events=False, config_dir=False, defer=None, state=None, cls=<class 'dbt.task.debug.DebugTask'>, which='debug', rpc_method=None)
13:37:22.636314 [debug] [MainThread]: Tracking: tracking
13:37:22.762320 [debug] [MainThread]: Sending event: {'category': 'dbt', 'action': 'invocation', 'label': 'start', 'context': [<snowplow_tracker.self_describing_json.SelfDescribingJson object at 0x0000022E4B9FEB20>, <snowplow_tracker.self_describing_json.SelfDescribingJson object at 0x0000022E4B9FEFA0>, <snowplow_tracker.self_describing_json.SelfDescribingJson object at 0x0000022E4B9FE9D0>]}
13:37:24.803572 [debug] [MainThread]: Executing "git --help"
13:37:25.116575 [debug] [MainThread]: STDOUT: "b"usage: git [--version] [--help] [-C <path>] [-c <name>=<value>]\n           [--exec-path[=<path>]] [--html-path] [--man-path] [--info-path]\n           [-p | --paginate | -P | --no-pager] [--no-replace-objects] [--bare]\n           [--git-dir=<path>] [--work-tree=<path>] [--namespace=<name>]\n           [--super-prefix=<path>] [--config-env=<name>=<envvar>]\n           <command> [<args>]\n\nThese are common Git commands used in various situations:\n\nstart a working area (see also: git help tutorial)\n   clone     Clone a repository into a new directory\n   init      Create an empty Git repository or reinitialize an existing one\n\nwork on the current change (see also: git help everyday)\n   add       Add file contents to the index\n   mv        Move or rename a file, a directory, or a symlink\n   restore   Restore working tree files\n   rm        Remove files from the working tree and from the index\n\nexamine the history and state (see also: git help revisions)\n   bisect    Use binary search to find the commit that introduced a bug\n   diff      Show changes between commits, commit and working tree, etc\n   grep      Print lines matching a pattern\n   log       Show commit logs\n   show      Show various types of objects\n   status    Show the working tree status\n\ngrow, mark and tweak your common history\n   branch    List, create, or delete branches\n   commit    Record changes to the repository\n   merge     Join two or more development histories together\n   rebase    Reapply commits on top of another base tip\n   reset     Reset current HEAD to the specified state\n   switch    Switch branches\n   tag       Create, list, delete or verify a tag object signed with GPG\n\ncollaborate (see also: git help workflows)\n   fetch     Download objects and refs from another repository\n   pull      Fetch from and integrate with another repository or a local branch\n   push      Update remote refs along with associated objects\n\n'git help -a' and 'git help -g' list available subcommands and some\nconcept guides. See 'git help <command>' or 'git help <concept>'\nto read about a specific subcommand or concept.\nSee 'git help git' for an overview of the system.\n""
13:37:25.122585 [debug] [MainThread]: STDERR: "b''"
13:37:25.131591 [debug] [MainThread]: Acquiring new snowflake connection "debug"
13:37:25.135588 [debug] [MainThread]: Using snowflake connection "debug"
13:37:25.137585 [debug] [MainThread]: On debug: select 1 as id
13:37:25.141589 [debug] [MainThread]: Opening a new connection, currently in state init
13:37:33.982659 [debug] [MainThread]: SQL status: SUCCESS 1 in 8.84 seconds
13:37:33.985673 [debug] [MainThread]: On debug: Close
13:37:34.196996 [debug] [MainThread]: Sending event: {'category': 'dbt', 'action': 'invocation', 'label': 'end', 'context': [<snowplow_tracker.self_describing_json.SelfDescribingJson object at 0x0000022E4C7992E0>, <snowplow_tracker.self_describing_json.SelfDescribingJson object at 0x0000022E4C7BE9D0>, <snowplow_tracker.self_describing_json.SelfDescribingJson object at 0x0000022E4C7BEA60>]}
13:37:34.817199 [debug] [MainThread]: Connection 'debug' was properly closed.


============================== 2022-05-10 13:41:54.943010 | 8329acfa-e2b4-45c8-8164-e11af7de9879 ==============================
13:41:54.943010 [info ] [MainThread]: Running with dbt=1.0.0
13:41:54.945017 [debug] [MainThread]: running dbt with arguments Namespace(record_timing_info=None, debug=None, log_format=None, write_json=None, use_colors=None, printer_width=None, warn_error=None, version_check=None, partial_parse=None, single_threaded=False, use_experimental_parser=None, static_parser=None, profiles_dir='C:\\Users\\jparr\\.dbt', send_anonymous_usage_stats=None, fail_fast=None, event_buffer_size=None, project_dir=None, profile=None, target=None, vars='{}', log_cache_events=False, config_dir=False, defer=None, state=None, cls=<class 'dbt.task.debug.DebugTask'>, which='debug', rpc_method=None)
13:41:54.946017 [debug] [MainThread]: Tracking: tracking
13:41:55.055027 [debug] [MainThread]: Sending event: {'category': 'dbt', 'action': 'invocation', 'label': 'start', 'context': [<snowplow_tracker.self_describing_json.SelfDescribingJson object at 0x000001767B56E3D0>, <snowplow_tracker.self_describing_json.SelfDescribingJson object at 0x000001767B56EFD0>, <snowplow_tracker.self_describing_json.SelfDescribingJson object at 0x000001767B56EAC0>]}
13:41:57.004363 [debug] [MainThread]: Executing "git --help"
13:41:57.253402 [debug] [MainThread]: STDOUT: "b"usage: git [--version] [--help] [-C <path>] [-c <name>=<value>]\n           [--exec-path[=<path>]] [--html-path] [--man-path] [--info-path]\n           [-p | --paginate | -P | --no-pager] [--no-replace-objects] [--bare]\n           [--git-dir=<path>] [--work-tree=<path>] [--namespace=<name>]\n           [--super-prefix=<path>] [--config-env=<name>=<envvar>]\n           <command> [<args>]\n\nThese are common Git commands used in various situations:\n\nstart a working area (see also: git help tutorial)\n   clone     Clone a repository into a new directory\n   init      Create an empty Git repository or reinitialize an existing one\n\nwork on the current change (see also: git help everyday)\n   add       Add file contents to the index\n   mv        Move or rename a file, a directory, or a symlink\n   restore   Restore working tree files\n   rm        Remove files from the working tree and from the index\n\nexamine the history and state (see also: git help revisions)\n   bisect    Use binary search to find the commit that introduced a bug\n   diff      Show changes between commits, commit and working tree, etc\n   grep      Print lines matching a pattern\n   log       Show commit logs\n   show      Show various types of objects\n   status    Show the working tree status\n\ngrow, mark and tweak your common history\n   branch    List, create, or delete branches\n   commit    Record changes to the repository\n   merge     Join two or more development histories together\n   rebase    Reapply commits on top of another base tip\n   reset     Reset current HEAD to the specified state\n   switch    Switch branches\n   tag       Create, list, delete or verify a tag object signed with GPG\n\ncollaborate (see also: git help workflows)\n   fetch     Download objects and refs from another repository\n   pull      Fetch from and integrate with another repository or a local branch\n   push      Update remote refs along with associated objects\n\n'git help -a' and 'git help -g' list available subcommands and some\nconcept guides. See 'git help <command>' or 'git help <concept>'\nto read about a specific subcommand or concept.\nSee 'git help git' for an overview of the system.\n""
13:41:57.255404 [debug] [MainThread]: STDERR: "b''"
13:41:57.274410 [debug] [MainThread]: Acquiring new snowflake connection "debug"
13:41:57.280408 [debug] [MainThread]: Using snowflake connection "debug"
13:41:57.282417 [debug] [MainThread]: On debug: select 1 as id
13:41:57.283410 [debug] [MainThread]: Opening a new connection, currently in state init
13:42:05.296266 [debug] [MainThread]: SQL status: SUCCESS 1 in 8.01 seconds
13:42:05.299257 [debug] [MainThread]: On debug: Close
13:42:05.547019 [debug] [MainThread]: Sending event: {'category': 'dbt', 'action': 'invocation', 'label': 'end', 'context': [<snowplow_tracker.self_describing_json.SelfDescribingJson object at 0x000001767D2E5EB0>, <snowplow_tracker.self_describing_json.SelfDescribingJson object at 0x000001767D2D0070>, <snowplow_tracker.self_describing_json.SelfDescribingJson object at 0x000001767B6CF550>]}
13:42:06.140724 [debug] [MainThread]: Connection 'debug' was properly closed.


============================== 2022-05-10 13:55:17.042255 | 30cc6243-e246-4f45-9c64-46f4cd0230ab ==============================
13:55:17.042255 [info ] [MainThread]: Running with dbt=1.0.0
13:55:17.044251 [debug] [MainThread]: running dbt with arguments Namespace(record_timing_info=None, debug=None, log_format=None, write_json=None, use_colors=None, printer_width=None, warn_error=None, version_check=None, partial_parse=None, single_threaded=False, use_experimental_parser=None, static_parser=None, profiles_dir='C:\\Users\\jparr\\.dbt', send_anonymous_usage_stats=None, fail_fast=None, event_buffer_size=None, project_dir=None, profile=None, target=None, vars='{}', log_cache_events=False, config_dir=False, defer=None, state=None, cls=<class 'dbt.task.debug.DebugTask'>, which='debug', rpc_method=None)
13:55:17.045247 [debug] [MainThread]: Tracking: tracking
13:55:17.141224 [debug] [MainThread]: Sending event: {'category': 'dbt', 'action': 'invocation', 'label': 'start', 'context': [<snowplow_tracker.self_describing_json.SelfDescribingJson object at 0x000001EA7480E3D0>, <snowplow_tracker.self_describing_json.SelfDescribingJson object at 0x000001EA7480EFD0>, <snowplow_tracker.self_describing_json.SelfDescribingJson object at 0x000001EA7480EAC0>]}
13:55:19.154129 [debug] [MainThread]: Executing "git --help"
13:55:19.391175 [debug] [MainThread]: STDOUT: "b"usage: git [--version] [--help] [-C <path>] [-c <name>=<value>]\n           [--exec-path[=<path>]] [--html-path] [--man-path] [--info-path]\n           [-p | --paginate | -P | --no-pager] [--no-replace-objects] [--bare]\n           [--git-dir=<path>] [--work-tree=<path>] [--namespace=<name>]\n           [--super-prefix=<path>] [--config-env=<name>=<envvar>]\n           <command> [<args>]\n\nThese are common Git commands used in various situations:\n\nstart a working area (see also: git help tutorial)\n   clone     Clone a repository into a new directory\n   init      Create an empty Git repository or reinitialize an existing one\n\nwork on the current change (see also: git help everyday)\n   add       Add file contents to the index\n   mv        Move or rename a file, a directory, or a symlink\n   restore   Restore working tree files\n   rm        Remove files from the working tree and from the index\n\nexamine the history and state (see also: git help revisions)\n   bisect    Use binary search to find the commit that introduced a bug\n   diff      Show changes between commits, commit and working tree, etc\n   grep      Print lines matching a pattern\n   log       Show commit logs\n   show      Show various types of objects\n   status    Show the working tree status\n\ngrow, mark and tweak your common history\n   branch    List, create, or delete branches\n   commit    Record changes to the repository\n   merge     Join two or more development histories together\n   rebase    Reapply commits on top of another base tip\n   reset     Reset current HEAD to the specified state\n   switch    Switch branches\n   tag       Create, list, delete or verify a tag object signed with GPG\n\ncollaborate (see also: git help workflows)\n   fetch     Download objects and refs from another repository\n   pull      Fetch from and integrate with another repository or a local branch\n   push      Update remote refs along with associated objects\n\n'git help -a' and 'git help -g' list available subcommands and some\nconcept guides. See 'git help <command>' or 'git help <concept>'\nto read about a specific subcommand or concept.\nSee 'git help git' for an overview of the system.\n""
13:55:19.393177 [debug] [MainThread]: STDERR: "b''"
13:55:19.397180 [debug] [MainThread]: Acquiring new snowflake connection "debug"
13:55:19.404181 [debug] [MainThread]: Using snowflake connection "debug"
13:55:19.407180 [debug] [MainThread]: On debug: select 1 as id
13:55:19.409183 [debug] [MainThread]: Opening a new connection, currently in state init
13:55:26.643566 [debug] [MainThread]: SQL status: SUCCESS 1 in 7.23 seconds
13:55:26.646565 [debug] [MainThread]: On debug: Close
13:55:26.792088 [debug] [MainThread]: Sending event: {'category': 'dbt', 'action': 'invocation', 'label': 'end', 'context': [<snowplow_tracker.self_describing_json.SelfDescribingJson object at 0x000001EA76585EB0>, <snowplow_tracker.self_describing_json.SelfDescribingJson object at 0x000001EA76570070>, <snowplow_tracker.self_describing_json.SelfDescribingJson object at 0x000001EA765CFE20>]}
13:55:27.398430 [debug] [MainThread]: Connection 'debug' was properly closed.


============================== 2022-05-10 14:35:09.776499 | 0e8e6172-d362-4c5c-afa7-f2333b53f547 ==============================
14:35:09.776499 [info ] [MainThread]: Running with dbt=1.0.0
14:35:09.778499 [debug] [MainThread]: running dbt with arguments Namespace(record_timing_info=None, debug=None, log_format=None, write_json=None, use_colors=None, printer_width=None, warn_error=None, version_check=None, partial_parse=None, single_threaded=False, use_experimental_parser=None, static_parser=None, profiles_dir='C:\\Users\\jparr\\development\\function_apps\\pbs_dbt_azure_functions-main', send_anonymous_usage_stats=None, fail_fast=None, event_buffer_size=None, project_dir=None, profile=None, target=None, vars='{}', log_cache_events=False, config_dir=False, defer=None, state=None, cls=<class 'dbt.task.debug.DebugTask'>, which='debug', rpc_method=None)
14:35:09.779515 [debug] [MainThread]: Tracking: tracking
14:35:09.910475 [debug] [MainThread]: Sending event: {'category': 'dbt', 'action': 'invocation', 'label': 'start', 'context': [<snowplow_tracker.self_describing_json.SelfDescribingJson object at 0x0000010E4A2EE3D0>, <snowplow_tracker.self_describing_json.SelfDescribingJson object at 0x0000010E4A2EE610>, <snowplow_tracker.self_describing_json.SelfDescribingJson object at 0x0000010E4A2EE8E0>]}
14:35:11.925067 [debug] [MainThread]: Executing "git --help"
14:35:12.132017 [debug] [MainThread]: STDOUT: "b"usage: git [--version] [--help] [-C <path>] [-c <name>=<value>]\n           [--exec-path[=<path>]] [--html-path] [--man-path] [--info-path]\n           [-p | --paginate | -P | --no-pager] [--no-replace-objects] [--bare]\n           [--git-dir=<path>] [--work-tree=<path>] [--namespace=<name>]\n           [--super-prefix=<path>] [--config-env=<name>=<envvar>]\n           <command> [<args>]\n\nThese are common Git commands used in various situations:\n\nstart a working area (see also: git help tutorial)\n   clone     Clone a repository into a new directory\n   init      Create an empty Git repository or reinitialize an existing one\n\nwork on the current change (see also: git help everyday)\n   add       Add file contents to the index\n   mv        Move or rename a file, a directory, or a symlink\n   restore   Restore working tree files\n   rm        Remove files from the working tree and from the index\n\nexamine the history and state (see also: git help revisions)\n   bisect    Use binary search to find the commit that introduced a bug\n   diff      Show changes between commits, commit and working tree, etc\n   grep      Print lines matching a pattern\n   log       Show commit logs\n   show      Show various types of objects\n   status    Show the working tree status\n\ngrow, mark and tweak your common history\n   branch    List, create, or delete branches\n   commit    Record changes to the repository\n   merge     Join two or more development histories together\n   rebase    Reapply commits on top of another base tip\n   reset     Reset current HEAD to the specified state\n   switch    Switch branches\n   tag       Create, list, delete or verify a tag object signed with GPG\n\ncollaborate (see also: git help workflows)\n   fetch     Download objects and refs from another repository\n   pull      Fetch from and integrate with another repository or a local branch\n   push      Update remote refs along with associated objects\n\n'git help -a' and 'git help -g' list available subcommands and some\nconcept guides. See 'git help <command>' or 'git help <concept>'\nto read about a specific subcommand or concept.\nSee 'git help git' for an overview of the system.\n""
14:35:12.134018 [debug] [MainThread]: STDERR: "b''"
14:35:12.137016 [debug] [MainThread]: Acquiring new snowflake connection "debug"
14:35:12.139017 [debug] [MainThread]: Using snowflake connection "debug"
14:35:12.141031 [debug] [MainThread]: On debug: select 1 as id
14:35:12.142016 [debug] [MainThread]: Opening a new connection, currently in state init
14:35:13.586738 [debug] [MainThread]: Snowflake adapter: Got an error when attempting to open a snowflake connection. No retries attempted: '250001 (08001): Failed to connect to DB: ad52800.west-europe.azure.snowflakecomputing.com:443. Incorrect username or password was specified.'
14:35:13.587737 [debug] [MainThread]: Snowflake adapter: Error running SQL: select 1 as id
14:35:13.588736 [debug] [MainThread]: Snowflake adapter: Rolling back transaction.
14:35:13.590740 [debug] [MainThread]: On debug: No close available on handle
14:35:13.592748 [debug] [MainThread]: Sending event: {'category': 'dbt', 'action': 'invocation', 'label': 'end', 'context': [<snowplow_tracker.self_describing_json.SelfDescribingJson object at 0x0000010E4C062970>, <snowplow_tracker.self_describing_json.SelfDescribingJson object at 0x0000010E4C062D30>, <snowplow_tracker.self_describing_json.SelfDescribingJson object at 0x0000010E4C060550>]}
14:35:14.125631 [debug] [MainThread]: Connection 'debug' was properly closed.
